<?xml version="1.0" encoding="UTF-8"?>
<testsuite xmlns:xsi="http://www.w3.org/2001/XMLSchema-instance" xsi:noNamespaceSchemaLocation="https://maven.apache.org/surefire/maven-surefire-plugin/xsd/surefire-test-report.xsd" name="com.example.AnimalTest" time="0" tests="4" errors="0" skipped="0" failures="0">
  <properties>
[...]
</properties>
  <testcase name="getFoodThrowsExceptionForUnknownAnimalKind" classname="com.example.AnimalTest" time="0"/>
  <testcase name="getFoodReturnsCarnivoreFood" classname="com.example.AnimalTest" time="0"/>
  <testcase name="getFoodReturnsHerbivoreFood" classname="com.example.AnimalTest" time="0"/>
  <testcase name="getFamilyReturnsCorrectFamily" classname="com.example.AnimalTest" time="0"/>
</testsuite>